<?xml version="1.0" encoding="UTF-8"?>
<testsuite name="memory.MemoryFinderTest" tests="2" skipped="0" failures="0" errors="0" timestamp="2023-03-14T06:17:03" hostname="seyeolui-MacBookPro.local" time="0.063">
  <properties/>
  <testcase name="get()" classname="memory.MemoryFinderTest" time="0.062"/>
  <testcase name="init()" classname="memory.MemoryFinderTest" time="0.0"/>
  <system-out><![CDATA[]]></system-out>
  <system-err><![CDATA[]]></system-err>
</testsuite>
